{"C:\\Users\\USUARIO\\code\\DEV005-burger-queen-api\\app.js": {"path":"C:\\Users\\USUARIO\\code\\DEV005-burger-queen-api\\app.js","statementMap":{"0":{"start":{"line":3,"column":19},"end":{"line":3,"column":41}},"1":{"start":{"line":4,"column":16},"end":{"line":4,"column":34}},"2":{"start":{"line":5,"column":12},"end":{"line":5,"column":21}},"3":{"start":{"line":6,"column":12},"end":{"line":6,"column":37}},"4":{"start":{"line":7,"column":0},"end":{"line":7,"column":50}},"5":{"start":{"line":8,"column":0},"end":{"line":8,"column":26}},"6":{"start":{"line":9,"column":0},"end":{"line":9,"column":20}},"7":{"start":{"line":11,"column":0},"end":{"line":11,"column":21}}},"fnMap":{},"branchMap":{},"s":{"0":2,"1":2,"2":2,"3":2,"4":2,"5":2,"6":2,"7":2},"f":{},"b":{},"_coverageSchema":"1a1c01bbd47fc00a2c39e90264f33305004495a9","hash":"df098dbd0b228060f0829315159167d53c8dc584"}
,"C:\\Users\\USUARIO\\code\\DEV005-burger-queen-api\\config.js": {"path":"C:\\Users\\USUARIO\\code\\DEV005-burger-queen-api\\config.js","statementMap":{"0":{"start":{"line":1,"column":0},"end":{"line":5,"column":1}}},"fnMap":{},"branchMap":{"0":{"loc":{"start":{"line":2,"column":10},"end":{"line":2,"column":34}},"type":"binary-expr","locations":[{"start":{"line":2,"column":10},"end":{"line":2,"column":26}},{"start":{"line":2,"column":30},"end":{"line":2,"column":34}}],"line":2},"1":{"loc":{"start":{"line":3,"column":8},"end":{"line":3,"column":99}},"type":"binary-expr","locations":[{"start":{"line":3,"column":8},"end":{"line":3,"column":27}},{"start":{"line":3,"column":31},"end":{"line":3,"column":99}}],"line":3}},"s":{"0":7},"f":{},"b":{"0":[7,7],"1":[7,7]},"_coverageSchema":"1a1c01bbd47fc00a2c39e90264f33305004495a9","hash":"57d9569076dda0ac3cb708f9e9ca6d5605e8d03b"}
,"C:\\Users\\USUARIO\\code\\DEV005-burger-queen-api\\index.js": {"path":"C:\\Users\\USUARIO\\code\\DEV005-burger-queen-api\\index.js","statementMap":{"0":{"start":{"line":2,"column":17},"end":{"line":2,"column":36}},"1":{"start":{"line":3,"column":12},"end":{"line":3,"column":28}},"2":{"start":{"line":4,"column":15},"end":{"line":4,"column":34}},"3":{"start":{"line":6,"column":13},"end":{"line":6,"column":51}},"4":{"start":{"line":9,"column":2},"end":{"line":19,"column":3}},"5":{"start":{"line":10,"column":4},"end":{"line":13,"column":7}},"6":{"start":{"line":14,"column":6},"end":{"line":14,"column":61}},"7":{"start":{"line":15,"column":4},"end":{"line":15,"column":16}},"8":{"start":{"line":17,"column":6},"end":{"line":17,"column":64}},"9":{"start":{"line":18,"column":4},"end":{"line":18,"column":17}},"10":{"start":{"line":22,"column":20},"end":{"line":27,"column":1}},"11":{"start":{"line":23,"column":17},"end":{"line":25,"column":4}},"12":{"start":{"line":24,"column":4},"end":{"line":24,"column":51}},"13":{"start":{"line":26,"column":2},"end":{"line":26,"column":16}},"14":{"start":{"line":29,"column":0},"end":{"line":29,"column":19}},"15":{"start":{"line":30,"column":0},"end":{"line":30,"column":17}},"16":{"start":{"line":32,"column":0},"end":{"line":32,"column":52}}},"fnMap":{"0":{"name":"connectToDatabase","decl":{"start":{"line":8,"column":15},"end":{"line":8,"column":32}},"loc":{"start":{"line":8,"column":35},"end":{"line":20,"column":1}},"line":8},"1":{"name":"(anonymous_1)","decl":{"start":{"line":22,"column":20},"end":{"line":22,"column":21}},"loc":{"start":{"line":22,"column":30},"end":{"line":27,"column":1}},"line":22},"2":{"name":"(anonymous_2)","decl":{"start":{"line":23,"column":34},"end":{"line":23,"column":35}},"loc":{"start":{"line":23,"column":40},"end":{"line":25,"column":3}},"line":23}},"branchMap":{"0":{"loc":{"start":{"line":6,"column":13},"end":{"line":6,"column":51}},"type":"binary-expr","locations":[{"start":{"line":6,"column":13},"end":{"line":6,"column":28}},{"start":{"line":6,"column":32},"end":{"line":6,"column":43}},{"start":{"line":6,"column":47},"end":{"line":6,"column":51}}],"line":6}},"s":{"0":1,"1":1,"2":1,"3":1,"4":3,"5":3,"6":1,"7":1,"8":1,"9":1,"10":1,"11":3,"12":1,"13":3,"14":1,"15":1,"16":1},"f":{"0":3,"1":3,"2":1},"b":{"0":[1,1,0]},"_coverageSchema":"1a1c01bbd47fc00a2c39e90264f33305004495a9","hash":"7814ddc550db0c21188aa1bf32b9d5a1ffea6dd5"}
,"C:\\Users\\USUARIO\\code\\DEV005-burger-queen-api\\controllers\\auth.js": {"path":"C:\\Users\\USUARIO\\code\\DEV005-burger-queen-api\\controllers\\auth.js","statementMap":{"0":{"start":{"line":1,"column":13},"end":{"line":1,"column":38}},"1":{"start":{"line":2,"column":16},"end":{"line":2,"column":44}},"2":{"start":{"line":5,"column":15},"end":{"line":29,"column":3}},"3":{"start":{"line":6,"column":4},"end":{"line":28,"column":6}},"4":{"start":{"line":7,"column":6},"end":{"line":27,"column":10}},"5":{"start":{"line":11,"column":10},"end":{"line":13,"column":11}},"6":{"start":{"line":12,"column":12},"end":{"line":12,"column":94}},"7":{"start":{"line":14,"column":10},"end":{"line":23,"column":12}},"8":{"start":{"line":15,"column":12},"end":{"line":17,"column":13}},"9":{"start":{"line":16,"column":14},"end":{"line":16,"column":82}},"10":{"start":{"line":18,"column":12},"end":{"line":20,"column":13}},"11":{"start":{"line":19,"column":14},"end":{"line":19,"column":95}},"12":{"start":{"line":21,"column":12},"end":{"line":21,"column":27}},"13":{"start":{"line":22,"column":12},"end":{"line":22,"column":112}},"14":{"start":{"line":26,"column":10},"end":{"line":26,"column":71}},"15":{"start":{"line":31,"column":0},"end":{"line":33,"column":1}}},"fnMap":{"0":{"name":"(anonymous_0)","decl":{"start":{"line":5,"column":15},"end":{"line":5,"column":16}},"loc":{"start":{"line":5,"column":29},"end":{"line":29,"column":3}},"line":5},"1":{"name":"(anonymous_1)","decl":{"start":{"line":6,"column":23},"end":{"line":6,"column":24}},"loc":{"start":{"line":6,"column":44},"end":{"line":28,"column":5}},"line":6},"2":{"name":"(anonymous_2)","decl":{"start":{"line":10,"column":14},"end":{"line":10,"column":15}},"loc":{"start":{"line":10,"column":24},"end":{"line":24,"column":9}},"line":10},"3":{"name":"(anonymous_3)","decl":{"start":{"line":14,"column":50},"end":{"line":14,"column":51}},"loc":{"start":{"line":14,"column":68},"end":{"line":23,"column":11}},"line":14},"4":{"name":"(anonymous_4)","decl":{"start":{"line":25,"column":15},"end":{"line":25,"column":16}},"loc":{"start":{"line":25,"column":24},"end":{"line":27,"column":9}},"line":25}},"branchMap":{"0":{"loc":{"start":{"line":11,"column":10},"end":{"line":13,"column":11}},"type":"if","locations":[{"start":{"line":11,"column":10},"end":{"line":13,"column":11}},{"start":{},"end":{}}],"line":11},"1":{"loc":{"start":{"line":15,"column":12},"end":{"line":17,"column":13}},"type":"if","locations":[{"start":{"line":15,"column":12},"end":{"line":17,"column":13}},{"start":{},"end":{}}],"line":15},"2":{"loc":{"start":{"line":18,"column":12},"end":{"line":20,"column":13}},"type":"if","locations":[{"start":{"line":18,"column":12},"end":{"line":20,"column":13}},{"start":{},"end":{}}],"line":18}},"s":{"0":3,"1":3,"2":3,"3":5,"4":5,"5":4,"6":1,"7":3,"8":3,"9":1,"10":2,"11":1,"12":1,"13":1,"14":1,"15":3},"f":{"0":5,"1":5,"2":4,"3":3,"4":1},"b":{"0":[1,3],"1":[1,2],"2":[1,1]},"_coverageSchema":"1a1c01bbd47fc00a2c39e90264f33305004495a9","hash":"84a58c89d437024ed768ed41751fae49ee454474"}
,"C:\\Users\\USUARIO\\code\\DEV005-burger-queen-api\\controllers\\orders.js": {"path":"C:\\Users\\USUARIO\\code\\DEV005-burger-queen-api\\controllers\\orders.js","statementMap":{"0":{"start":{"line":3,"column":14},"end":{"line":3,"column":40}},"1":{"start":{"line":4,"column":13},"end":{"line":4,"column":38}},"2":{"start":{"line":5,"column":16},"end":{"line":5,"column":44}},"3":{"start":{"line":6,"column":16},"end":{"line":6,"column":44}},"4":{"start":{"line":9,"column":16},"end":{"line":9,"column":34}},"5":{"start":{"line":11,"column":2},"end":{"line":21,"column":7}},"6":{"start":{"line":14,"column":6},"end":{"line":16,"column":7}},"7":{"start":{"line":15,"column":8},"end":{"line":15,"column":71}},"8":{"start":{"line":17,"column":6},"end":{"line":17,"column":38}},"9":{"start":{"line":20,"column":6},"end":{"line":20,"column":90}},"10":{"start":{"line":27,"column":4},"end":{"line":38,"column":9}},"11":{"start":{"line":30,"column":8},"end":{"line":32,"column":9}},"12":{"start":{"line":31,"column":10},"end":{"line":31,"column":73}},"13":{"start":{"line":34,"column":8},"end":{"line":34,"column":41}},"14":{"start":{"line":37,"column":8},"end":{"line":37,"column":92}},"15":{"start":{"line":42,"column":15},"end":{"line":42,"column":30}},"16":{"start":{"line":43,"column":17},"end":{"line":43,"column":34}},"17":{"start":{"line":45,"column":16},"end":{"line":45,"column":55}},"18":{"start":{"line":47,"column":2},"end":{"line":96,"column":7}},"19":{"start":{"line":49,"column":21},"end":{"line":49,"column":32}},"20":{"start":{"line":52,"column":6},"end":{"line":92,"column":11}},"21":{"start":{"line":54,"column":10},"end":{"line":56,"column":11}},"22":{"start":{"line":55,"column":12},"end":{"line":55,"column":77}},"23":{"start":{"line":59,"column":29},"end":{"line":59,"column":73}},"24":{"start":{"line":59,"column":55},"end":{"line":59,"column":72}},"25":{"start":{"line":60,"column":10},"end":{"line":88,"column":15}},"26":{"start":{"line":62,"column":14},"end":{"line":64,"column":15}},"27":{"start":{"line":63,"column":16},"end":{"line":63,"column":89}},"28":{"start":{"line":67,"column":26},"end":{"line":67,"column":37}},"29":{"start":{"line":68,"column":14},"end":{"line":68,"column":36}},"30":{"start":{"line":69,"column":14},"end":{"line":69,"column":36}},"31":{"start":{"line":70,"column":14},"end":{"line":75,"column":17}},"32":{"start":{"line":71,"column":16},"end":{"line":74,"column":18}},"33":{"start":{"line":76,"column":14},"end":{"line":76,"column":45}},"34":{"start":{"line":78,"column":14},"end":{"line":84,"column":19}},"35":{"start":{"line":80,"column":18},"end":{"line":80,"column":63}},"36":{"start":{"line":83,"column":18},"end":{"line":83,"column":100}},"37":{"start":{"line":87,"column":14},"end":{"line":87,"column":114}},"38":{"start":{"line":91,"column":10},"end":{"line":91,"column":108}},"39":{"start":{"line":95,"column":6},"end":{"line":95,"column":34}},"40":{"start":{"line":101,"column":16},"end":{"line":101,"column":34}},"41":{"start":{"line":102,"column":15},"end":{"line":102,"column":23}},"42":{"start":{"line":104,"column":2},"end":{"line":106,"column":3}},"43":{"start":{"line":105,"column":4},"end":{"line":105,"column":37}},"44":{"start":{"line":108,"column":2},"end":{"line":117,"column":7}},"45":{"start":{"line":110,"column":6},"end":{"line":112,"column":7}},"46":{"start":{"line":111,"column":8},"end":{"line":111,"column":55}},"47":{"start":{"line":113,"column":6},"end":{"line":113,"column":51}},"48":{"start":{"line":116,"column":6},"end":{"line":116,"column":87}},"49":{"start":{"line":121,"column":18},"end":{"line":121,"column":36}},"50":{"start":{"line":122,"column":4},"end":{"line":128,"column":7}},"51":{"start":{"line":124,"column":6},"end":{"line":124,"column":70}},"52":{"start":{"line":127,"column":6},"end":{"line":127,"column":85}},"53":{"start":{"line":133,"column":0},"end":{"line":139,"column":1}}},"fnMap":{"0":{"name":"getOrder","decl":{"start":{"line":8,"column":9},"end":{"line":8,"column":17}},"loc":{"start":{"line":8,"column":28},"end":{"line":22,"column":1}},"line":8},"1":{"name":"(anonymous_1)","decl":{"start":{"line":13,"column":10},"end":{"line":13,"column":11}},"loc":{"start":{"line":13,"column":21},"end":{"line":18,"column":5}},"line":13},"2":{"name":"(anonymous_2)","decl":{"start":{"line":19,"column":11},"end":{"line":19,"column":12}},"loc":{"start":{"line":19,"column":22},"end":{"line":21,"column":5}},"line":19},"3":{"name":"getOrders","decl":{"start":{"line":26,"column":9},"end":{"line":26,"column":18}},"loc":{"start":{"line":26,"column":29},"end":{"line":39,"column":1}},"line":26},"4":{"name":"(anonymous_4)","decl":{"start":{"line":29,"column":10},"end":{"line":29,"column":11}},"loc":{"start":{"line":29,"column":22},"end":{"line":35,"column":7}},"line":29},"5":{"name":"(anonymous_5)","decl":{"start":{"line":36,"column":13},"end":{"line":36,"column":14}},"loc":{"start":{"line":36,"column":24},"end":{"line":38,"column":7}},"line":36},"6":{"name":"saveOrder","decl":{"start":{"line":41,"column":9},"end":{"line":41,"column":18}},"loc":{"start":{"line":41,"column":29},"end":{"line":97,"column":1}},"line":41},"7":{"name":"(anonymous_7)","decl":{"start":{"line":48,"column":10},"end":{"line":48,"column":11}},"loc":{"start":{"line":48,"column":23},"end":{"line":93,"column":5}},"line":48},"8":{"name":"(anonymous_8)","decl":{"start":{"line":53,"column":14},"end":{"line":53,"column":15}},"loc":{"start":{"line":53,"column":24},"end":{"line":89,"column":9}},"line":53},"9":{"name":"(anonymous_9)","decl":{"start":{"line":59,"column":42},"end":{"line":59,"column":43}},"loc":{"start":{"line":59,"column":55},"end":{"line":59,"column":72}},"line":59},"10":{"name":"(anonymous_10)","decl":{"start":{"line":61,"column":18},"end":{"line":61,"column":19}},"loc":{"start":{"line":61,"column":37},"end":{"line":85,"column":13}},"line":61},"11":{"name":"(anonymous_11)","decl":{"start":{"line":70,"column":44},"end":{"line":70,"column":45}},"loc":{"start":{"line":70,"column":57},"end":{"line":75,"column":15}},"line":70},"12":{"name":"(anonymous_12)","decl":{"start":{"line":79,"column":22},"end":{"line":79,"column":23}},"loc":{"start":{"line":79,"column":39},"end":{"line":81,"column":17}},"line":79},"13":{"name":"(anonymous_13)","decl":{"start":{"line":82,"column":23},"end":{"line":82,"column":24}},"loc":{"start":{"line":82,"column":32},"end":{"line":84,"column":17}},"line":82},"14":{"name":"(anonymous_14)","decl":{"start":{"line":86,"column":19},"end":{"line":86,"column":20}},"loc":{"start":{"line":86,"column":28},"end":{"line":88,"column":13}},"line":86},"15":{"name":"(anonymous_15)","decl":{"start":{"line":90,"column":15},"end":{"line":90,"column":16}},"loc":{"start":{"line":90,"column":24},"end":{"line":92,"column":9}},"line":90},"16":{"name":"(anonymous_16)","decl":{"start":{"line":94,"column":11},"end":{"line":94,"column":12}},"loc":{"start":{"line":94,"column":25},"end":{"line":96,"column":5}},"line":94},"17":{"name":"updateOrder","decl":{"start":{"line":100,"column":9},"end":{"line":100,"column":20}},"loc":{"start":{"line":100,"column":31},"end":{"line":118,"column":1}},"line":100},"18":{"name":"(anonymous_18)","decl":{"start":{"line":109,"column":10},"end":{"line":109,"column":11}},"loc":{"start":{"line":109,"column":27},"end":{"line":114,"column":5}},"line":109},"19":{"name":"(anonymous_19)","decl":{"start":{"line":115,"column":11},"end":{"line":115,"column":12}},"loc":{"start":{"line":115,"column":20},"end":{"line":117,"column":5}},"line":115},"20":{"name":"deleteOrder","decl":{"start":{"line":120,"column":9},"end":{"line":120,"column":20}},"loc":{"start":{"line":120,"column":31},"end":{"line":129,"column":1}},"line":120},"21":{"name":"(anonymous_21)","decl":{"start":{"line":123,"column":10},"end":{"line":123,"column":11}},"loc":{"start":{"line":123,"column":16},"end":{"line":125,"column":5}},"line":123},"22":{"name":"(anonymous_22)","decl":{"start":{"line":126,"column":11},"end":{"line":126,"column":12}},"loc":{"start":{"line":126,"column":20},"end":{"line":128,"column":5}},"line":126}},"branchMap":{"0":{"loc":{"start":{"line":14,"column":6},"end":{"line":16,"column":7}},"type":"if","locations":[{"start":{"line":14,"column":6},"end":{"line":16,"column":7}},{"start":{},"end":{}}],"line":14},"1":{"loc":{"start":{"line":30,"column":8},"end":{"line":32,"column":9}},"type":"if","locations":[{"start":{"line":30,"column":8},"end":{"line":32,"column":9}},{"start":{},"end":{}}],"line":30},"2":{"loc":{"start":{"line":54,"column":10},"end":{"line":56,"column":11}},"type":"if","locations":[{"start":{"line":54,"column":10},"end":{"line":56,"column":11}},{"start":{},"end":{}}],"line":54},"3":{"loc":{"start":{"line":62,"column":14},"end":{"line":64,"column":15}},"type":"if","locations":[{"start":{"line":62,"column":14},"end":{"line":64,"column":15}},{"start":{},"end":{}}],"line":62},"4":{"loc":{"start":{"line":104,"column":2},"end":{"line":106,"column":3}},"type":"if","locations":[{"start":{"line":104,"column":2},"end":{"line":106,"column":3}},{"start":{},"end":{}}],"line":104},"5":{"loc":{"start":{"line":110,"column":6},"end":{"line":112,"column":7}},"type":"if","locations":[{"start":{"line":110,"column":6},"end":{"line":112,"column":7}},{"start":{},"end":{}}],"line":110}},"s":{"0":2,"1":2,"2":2,"3":2,"4":3,"5":3,"6":2,"7":1,"8":1,"9":1,"10":3,"11":2,"12":1,"13":1,"14":1,"15":4,"16":4,"17":4,"18":4,"19":4,"20":4,"21":4,"22":1,"23":3,"24":4,"25":3,"26":1,"27":0,"28":1,"29":1,"30":1,"31":1,"32":1,"33":1,"34":1,"35":1,"36":0,"37":0,"38":2,"39":0,"40":2,"41":2,"42":2,"43":2,"44":2,"45":1,"46":1,"47":1,"48":1,"49":2,"50":2,"51":1,"52":1,"53":2},"f":{"0":3,"1":2,"2":1,"3":3,"4":2,"5":1,"6":4,"7":4,"8":4,"9":4,"10":1,"11":1,"12":1,"13":0,"14":0,"15":2,"16":0,"17":2,"18":1,"19":1,"20":2,"21":1,"22":1},"b":{"0":[1,1],"1":[1,1],"2":[1,3],"3":[0,1],"4":[2,0],"5":[1,0]},"_coverageSchema":"1a1c01bbd47fc00a2c39e90264f33305004495a9","hash":"c07a60052921f18c84633783b1e8680fd6cf3768"}
,"C:\\Users\\USUARIO\\code\\DEV005-burger-queen-api\\controllers\\products.js": {"path":"C:\\Users\\USUARIO\\code\\DEV005-burger-queen-api\\controllers\\products.js","statementMap":{"0":{"start":{"line":3,"column":16},"end":{"line":3,"column":44}},"1":{"start":{"line":5,"column":20},"end":{"line":5,"column":40}},"2":{"start":{"line":7,"column":4},"end":{"line":16,"column":7}},"3":{"start":{"line":9,"column":6},"end":{"line":11,"column":7}},"4":{"start":{"line":10,"column":8},"end":{"line":10,"column":74}},"5":{"start":{"line":12,"column":6},"end":{"line":12,"column":40}},"6":{"start":{"line":15,"column":6},"end":{"line":15,"column":90}},"7":{"start":{"line":19,"column":4},"end":{"line":29,"column":9}},"8":{"start":{"line":21,"column":8},"end":{"line":23,"column":9}},"9":{"start":{"line":22,"column":10},"end":{"line":22,"column":75}},"10":{"start":{"line":25,"column":8},"end":{"line":25,"column":43}},"11":{"start":{"line":28,"column":8},"end":{"line":28,"column":92}},"12":{"start":{"line":34,"column":18},"end":{"line":34,"column":31}},"13":{"start":{"line":35,"column":4},"end":{"line":35,"column":32}},"14":{"start":{"line":36,"column":4},"end":{"line":36,"column":34}},"15":{"start":{"line":37,"column":4},"end":{"line":37,"column":34}},"16":{"start":{"line":38,"column":4},"end":{"line":38,"column":32}},"17":{"start":{"line":40,"column":4},"end":{"line":46,"column":6}},"18":{"start":{"line":42,"column":8},"end":{"line":42,"column":54}},"19":{"start":{"line":45,"column":8},"end":{"line":45,"column":88}},"20":{"start":{"line":49,"column":20},"end":{"line":49,"column":40}},"21":{"start":{"line":50,"column":17},"end":{"line":50,"column":25}},"22":{"start":{"line":52,"column":4},"end":{"line":58,"column":9}},"23":{"start":{"line":54,"column":8},"end":{"line":54,"column":57}},"24":{"start":{"line":57,"column":8},"end":{"line":57,"column":94}},"25":{"start":{"line":61,"column":20},"end":{"line":61,"column":40}},"26":{"start":{"line":62,"column":4},"end":{"line":68,"column":7}},"27":{"start":{"line":64,"column":6},"end":{"line":64,"column":73}},"28":{"start":{"line":67,"column":6},"end":{"line":67,"column":90}},"29":{"start":{"line":71,"column":0},"end":{"line":77,"column":1}}},"fnMap":{"0":{"name":"getProduct","decl":{"start":{"line":4,"column":9},"end":{"line":4,"column":19}},"loc":{"start":{"line":4,"column":30},"end":{"line":17,"column":1}},"line":4},"1":{"name":"(anonymous_1)","decl":{"start":{"line":8,"column":10},"end":{"line":8,"column":11}},"loc":{"start":{"line":8,"column":23},"end":{"line":13,"column":5}},"line":8},"2":{"name":"(anonymous_2)","decl":{"start":{"line":14,"column":11},"end":{"line":14,"column":12}},"loc":{"start":{"line":14,"column":22},"end":{"line":16,"column":5}},"line":14},"3":{"name":"getProducts","decl":{"start":{"line":18,"column":9},"end":{"line":18,"column":20}},"loc":{"start":{"line":18,"column":31},"end":{"line":30,"column":1}},"line":18},"4":{"name":"(anonymous_4)","decl":{"start":{"line":20,"column":10},"end":{"line":20,"column":11}},"loc":{"start":{"line":20,"column":24},"end":{"line":26,"column":7}},"line":20},"5":{"name":"(anonymous_5)","decl":{"start":{"line":27,"column":13},"end":{"line":27,"column":14}},"loc":{"start":{"line":27,"column":24},"end":{"line":29,"column":7}},"line":27},"6":{"name":"saveProduct","decl":{"start":{"line":32,"column":9},"end":{"line":32,"column":20}},"loc":{"start":{"line":32,"column":32},"end":{"line":47,"column":1}},"line":32},"7":{"name":"(anonymous_7)","decl":{"start":{"line":41,"column":10},"end":{"line":41,"column":11}},"loc":{"start":{"line":41,"column":27},"end":{"line":43,"column":5}},"line":41},"8":{"name":"(anonymous_8)","decl":{"start":{"line":44,"column":11},"end":{"line":44,"column":12}},"loc":{"start":{"line":44,"column":18},"end":{"line":46,"column":5}},"line":44},"9":{"name":"updateProduct","decl":{"start":{"line":48,"column":9},"end":{"line":48,"column":22}},"loc":{"start":{"line":48,"column":33},"end":{"line":59,"column":1}},"line":48},"10":{"name":"(anonymous_10)","decl":{"start":{"line":53,"column":10},"end":{"line":53,"column":11}},"loc":{"start":{"line":53,"column":29},"end":{"line":55,"column":7}},"line":53},"11":{"name":"(anonymous_11)","decl":{"start":{"line":56,"column":13},"end":{"line":56,"column":14}},"loc":{"start":{"line":56,"column":24},"end":{"line":58,"column":7}},"line":56},"12":{"name":"deleteProduct","decl":{"start":{"line":60,"column":9},"end":{"line":60,"column":22}},"loc":{"start":{"line":60,"column":33},"end":{"line":69,"column":1}},"line":60},"13":{"name":"(anonymous_13)","decl":{"start":{"line":63,"column":10},"end":{"line":63,"column":11}},"loc":{"start":{"line":63,"column":16},"end":{"line":65,"column":5}},"line":63},"14":{"name":"(anonymous_14)","decl":{"start":{"line":66,"column":11},"end":{"line":66,"column":12}},"loc":{"start":{"line":66,"column":22},"end":{"line":68,"column":5}},"line":66}},"branchMap":{"0":{"loc":{"start":{"line":9,"column":6},"end":{"line":11,"column":7}},"type":"if","locations":[{"start":{"line":9,"column":6},"end":{"line":11,"column":7}},{"start":{},"end":{}}],"line":9},"1":{"loc":{"start":{"line":21,"column":8},"end":{"line":23,"column":9}},"type":"if","locations":[{"start":{"line":21,"column":8},"end":{"line":23,"column":9}},{"start":{},"end":{}}],"line":21}},"s":{"0":3,"1":3,"2":3,"3":2,"4":1,"5":1,"6":1,"7":3,"8":2,"9":1,"10":1,"11":1,"12":2,"13":2,"14":2,"15":2,"16":2,"17":2,"18":1,"19":1,"20":2,"21":2,"22":2,"23":1,"24":1,"25":2,"26":2,"27":1,"28":1,"29":3},"f":{"0":3,"1":2,"2":1,"3":3,"4":2,"5":1,"6":2,"7":1,"8":1,"9":2,"10":1,"11":1,"12":2,"13":1,"14":1},"b":{"0":[1,1],"1":[1,1]},"_coverageSchema":"1a1c01bbd47fc00a2c39e90264f33305004495a9","hash":"156d149e7407b1f9ad19056c31ccf978eb2d7f50"}
,"C:\\Users\\USUARIO\\code\\DEV005-burger-queen-api\\controllers\\user.js": {"path":"C:\\Users\\USUARIO\\code\\DEV005-burger-queen-api\\controllers\\user.js","statementMap":{"0":{"start":{"line":3,"column":13},"end":{"line":3,"column":38}},"1":{"start":{"line":4,"column":16},"end":{"line":4,"column":44}},"2":{"start":{"line":7,"column":15},"end":{"line":20,"column":1}},"3":{"start":{"line":8,"column":15},"end":{"line":12,"column":4}},"4":{"start":{"line":13,"column":4},"end":{"line":19,"column":5}},"5":{"start":{"line":15,"column":4},"end":{"line":15,"column":75}},"6":{"start":{"line":18,"column":4},"end":{"line":18,"column":82}},"7":{"start":{"line":24,"column":17},"end":{"line":24,"column":34}},"8":{"start":{"line":26,"column":4},"end":{"line":36,"column":7}},"9":{"start":{"line":28,"column":6},"end":{"line":30,"column":7}},"10":{"start":{"line":29,"column":8},"end":{"line":29,"column":73}},"11":{"start":{"line":32,"column":6},"end":{"line":32,"column":37}},"12":{"start":{"line":35,"column":6},"end":{"line":35,"column":90}},"13":{"start":{"line":41,"column":2},"end":{"line":51,"column":9}},"14":{"start":{"line":43,"column":8},"end":{"line":45,"column":9}},"15":{"start":{"line":44,"column":10},"end":{"line":44,"column":74}},"16":{"start":{"line":47,"column":8},"end":{"line":47,"column":40}},"17":{"start":{"line":50,"column":8},"end":{"line":50,"column":92}},"18":{"start":{"line":57,"column":17},"end":{"line":57,"column":36}},"19":{"start":{"line":58,"column":17},"end":{"line":58,"column":25}},"20":{"start":{"line":60,"column":4},"end":{"line":66,"column":9}},"21":{"start":{"line":62,"column":8},"end":{"line":62,"column":51}},"22":{"start":{"line":65,"column":8},"end":{"line":65,"column":93}},"23":{"start":{"line":71,"column":17},"end":{"line":71,"column":34}},"24":{"start":{"line":72,"column":4},"end":{"line":78,"column":7}},"25":{"start":{"line":74,"column":6},"end":{"line":74,"column":72}},"26":{"start":{"line":77,"column":6},"end":{"line":77,"column":89}},"27":{"start":{"line":81,"column":0},"end":{"line":87,"column":1}}},"fnMap":{"0":{"name":"(anonymous_0)","decl":{"start":{"line":7,"column":15},"end":{"line":7,"column":16}},"loc":{"start":{"line":7,"column":29},"end":{"line":20,"column":1}},"line":7},"1":{"name":"(anonymous_1)","decl":{"start":{"line":14,"column":8},"end":{"line":14,"column":9}},"loc":{"start":{"line":14,"column":21},"end":{"line":16,"column":3}},"line":14},"2":{"name":"(anonymous_2)","decl":{"start":{"line":17,"column":9},"end":{"line":17,"column":10}},"loc":{"start":{"line":17,"column":18},"end":{"line":19,"column":3}},"line":17},"3":{"name":"getUser","decl":{"start":{"line":23,"column":9},"end":{"line":23,"column":16}},"loc":{"start":{"line":23,"column":27},"end":{"line":37,"column":1}},"line":23},"4":{"name":"(anonymous_4)","decl":{"start":{"line":27,"column":10},"end":{"line":27,"column":11}},"loc":{"start":{"line":27,"column":20},"end":{"line":33,"column":5}},"line":27},"5":{"name":"(anonymous_5)","decl":{"start":{"line":34,"column":11},"end":{"line":34,"column":12}},"loc":{"start":{"line":34,"column":22},"end":{"line":36,"column":5}},"line":34},"6":{"name":"getUsers","decl":{"start":{"line":40,"column":9},"end":{"line":40,"column":17}},"loc":{"start":{"line":40,"column":28},"end":{"line":52,"column":1}},"line":40},"7":{"name":"(anonymous_7)","decl":{"start":{"line":42,"column":10},"end":{"line":42,"column":11}},"loc":{"start":{"line":42,"column":21},"end":{"line":48,"column":7}},"line":42},"8":{"name":"(anonymous_8)","decl":{"start":{"line":49,"column":13},"end":{"line":49,"column":14}},"loc":{"start":{"line":49,"column":24},"end":{"line":51,"column":7}},"line":49},"9":{"name":"updateUser","decl":{"start":{"line":56,"column":9},"end":{"line":56,"column":19}},"loc":{"start":{"line":56,"column":30},"end":{"line":67,"column":1}},"line":56},"10":{"name":"(anonymous_10)","decl":{"start":{"line":61,"column":10},"end":{"line":61,"column":11}},"loc":{"start":{"line":61,"column":26},"end":{"line":63,"column":7}},"line":61},"11":{"name":"(anonymous_11)","decl":{"start":{"line":64,"column":13},"end":{"line":64,"column":14}},"loc":{"start":{"line":64,"column":24},"end":{"line":66,"column":7}},"line":64},"12":{"name":"deleteUser","decl":{"start":{"line":70,"column":9},"end":{"line":70,"column":19}},"loc":{"start":{"line":70,"column":30},"end":{"line":79,"column":1}},"line":70},"13":{"name":"(anonymous_13)","decl":{"start":{"line":73,"column":10},"end":{"line":73,"column":11}},"loc":{"start":{"line":73,"column":16},"end":{"line":75,"column":5}},"line":73},"14":{"name":"(anonymous_14)","decl":{"start":{"line":76,"column":11},"end":{"line":76,"column":12}},"loc":{"start":{"line":76,"column":22},"end":{"line":78,"column":5}},"line":76}},"branchMap":{"0":{"loc":{"start":{"line":28,"column":6},"end":{"line":30,"column":7}},"type":"if","locations":[{"start":{"line":28,"column":6},"end":{"line":30,"column":7}},{"start":{},"end":{}}],"line":28},"1":{"loc":{"start":{"line":43,"column":8},"end":{"line":45,"column":9}},"type":"if","locations":[{"start":{"line":43,"column":8},"end":{"line":45,"column":9}},{"start":{},"end":{}}],"line":43}},"s":{"0":3,"1":3,"2":3,"3":2,"4":2,"5":1,"6":1,"7":3,"8":3,"9":2,"10":1,"11":1,"12":1,"13":3,"14":2,"15":1,"16":1,"17":1,"18":2,"19":2,"20":2,"21":1,"22":1,"23":2,"24":2,"25":1,"26":1,"27":3},"f":{"0":2,"1":1,"2":1,"3":3,"4":2,"5":1,"6":3,"7":2,"8":1,"9":2,"10":1,"11":1,"12":2,"13":1,"14":1},"b":{"0":[1,1],"1":[1,1]},"_coverageSchema":"1a1c01bbd47fc00a2c39e90264f33305004495a9","hash":"15b588c336b6ca318560e273cab1165762bde669"}
,"C:\\Users\\USUARIO\\code\\DEV005-burger-queen-api\\middlewares\\auth.js": {"path":"C:\\Users\\USUARIO\\code\\DEV005-burger-queen-api\\middlewares\\auth.js","statementMap":{"0":{"start":{"line":2,"column":16},"end":{"line":2,"column":44}},"1":{"start":{"line":6,"column":4},"end":{"line":8,"column":5}},"2":{"start":{"line":7,"column":8},"end":{"line":7,"column":73}},"3":{"start":{"line":10,"column":18},"end":{"line":10,"column":57}},"4":{"start":{"line":12,"column":4},"end":{"line":20,"column":6}},"5":{"start":{"line":14,"column":8},"end":{"line":14,"column":31}},"6":{"start":{"line":15,"column":8},"end":{"line":15,"column":30}},"7":{"start":{"line":16,"column":8},"end":{"line":16,"column":14}},"8":{"start":{"line":19,"column":8},"end":{"line":19,"column":35}},"9":{"start":{"line":24,"column":4},"end":{"line":28,"column":5}},"10":{"start":{"line":25,"column":6},"end":{"line":25,"column":20}},"11":{"start":{"line":27,"column":6},"end":{"line":27,"column":92}},"12":{"start":{"line":32,"column":2},"end":{"line":35,"column":4}}},"fnMap":{"0":{"name":"isAuth","decl":{"start":{"line":4,"column":9},"end":{"line":4,"column":15}},"loc":{"start":{"line":4,"column":33},"end":{"line":21,"column":1}},"line":4},"1":{"name":"(anonymous_1)","decl":{"start":{"line":13,"column":10},"end":{"line":13,"column":11}},"loc":{"start":{"line":13,"column":22},"end":{"line":17,"column":5}},"line":13},"2":{"name":"(anonymous_2)","decl":{"start":{"line":18,"column":11},"end":{"line":18,"column":12}},"loc":{"start":{"line":18,"column":23},"end":{"line":20,"column":5}},"line":18},"3":{"name":"isAdmin","decl":{"start":{"line":23,"column":9},"end":{"line":23,"column":16}},"loc":{"start":{"line":23,"column":33},"end":{"line":29,"column":3}},"line":23}},"branchMap":{"0":{"loc":{"start":{"line":6,"column":4},"end":{"line":8,"column":5}},"type":"if","locations":[{"start":{"line":6,"column":4},"end":{"line":8,"column":5}},{"start":{},"end":{}}],"line":6},"1":{"loc":{"start":{"line":24,"column":4},"end":{"line":28,"column":5}},"type":"if","locations":[{"start":{"line":24,"column":4},"end":{"line":28,"column":5}},{"start":{"line":26,"column":11},"end":{"line":28,"column":5}}],"line":24}},"s":{"0":3,"1":5,"2":1,"3":4,"4":4,"5":3,"6":3,"7":3,"8":1,"9":2,"10":1,"11":1,"12":3},"f":{"0":5,"1":3,"2":1,"3":2},"b":{"0":[1,4],"1":[1,1]},"_coverageSchema":"1a1c01bbd47fc00a2c39e90264f33305004495a9","hash":"cd29627e510435775da506425ae77042ae2cc98f"}
,"C:\\Users\\USUARIO\\code\\DEV005-burger-queen-api\\models\\order.js": {"path":"C:\\Users\\USUARIO\\code\\DEV005-burger-queen-api\\models\\order.js","statementMap":{"0":{"start":{"line":3,"column":17},"end":{"line":3,"column":36}},"1":{"start":{"line":4,"column":15},"end":{"line":4,"column":30}},"2":{"start":{"line":6,"column":20},"end":{"line":36,"column":4}},"3":{"start":{"line":38,"column":2},"end":{"line":38,"column":56}}},"fnMap":{},"branchMap":{},"s":{"0":2,"1":2,"2":2,"3":2},"f":{},"b":{},"_coverageSchema":"1a1c01bbd47fc00a2c39e90264f33305004495a9","hash":"4c47f8f95850a2e029312274dd8cac2c279a38a0"}
,"C:\\Users\\USUARIO\\code\\DEV005-burger-queen-api\\models\\product.js": {"path":"C:\\Users\\USUARIO\\code\\DEV005-burger-queen-api\\models\\product.js","statementMap":{"0":{"start":{"line":3,"column":17},"end":{"line":3,"column":36}},"1":{"start":{"line":4,"column":15},"end":{"line":4,"column":30}},"2":{"start":{"line":6,"column":22},"end":{"line":12,"column":2}},"3":{"start":{"line":14,"column":0},"end":{"line":14,"column":57}}},"fnMap":{},"branchMap":{},"s":{"0":3,"1":3,"2":3,"3":3},"f":{},"b":{},"_coverageSchema":"1a1c01bbd47fc00a2c39e90264f33305004495a9","hash":"525b06750e61420d6157a2b16d8e33f98f8ae10b"}
,"C:\\Users\\USUARIO\\code\\DEV005-burger-queen-api\\models\\user.js": {"path":"C:\\Users\\USUARIO\\code\\DEV005-burger-queen-api\\models\\user.js","statementMap":{"0":{"start":{"line":3,"column":17},"end":{"line":3,"column":36}},"1":{"start":{"line":4,"column":15},"end":{"line":4,"column":30}},"2":{"start":{"line":5,"column":15},"end":{"line":5,"column":39}},"3":{"start":{"line":7,"column":19},"end":{"line":11,"column":2}},"4":{"start":{"line":13,"column":0},"end":{"line":24,"column":2}},"5":{"start":{"line":14,"column":4},"end":{"line":14,"column":51}},"6":{"start":{"line":14,"column":38},"end":{"line":14,"column":51}},"7":{"start":{"line":15,"column":4},"end":{"line":23,"column":6}},"8":{"start":{"line":16,"column":6},"end":{"line":16,"column":31}},"9":{"start":{"line":16,"column":15},"end":{"line":16,"column":31}},"10":{"start":{"line":18,"column":6},"end":{"line":22,"column":8}},"11":{"start":{"line":19,"column":8},"end":{"line":19,"column":33}},"12":{"start":{"line":19,"column":17},"end":{"line":19,"column":33}},"13":{"start":{"line":20,"column":8},"end":{"line":20,"column":28}},"14":{"start":{"line":21,"column":8},"end":{"line":21,"column":14}},"15":{"start":{"line":26,"column":2},"end":{"line":30,"column":3}},"16":{"start":{"line":27,"column":4},"end":{"line":29,"column":7}},"17":{"start":{"line":28,"column":6},"end":{"line":28,"column":22}},"18":{"start":{"line":32,"column":0},"end":{"line":32,"column":51}}},"fnMap":{"0":{"name":"(anonymous_0)","decl":{"start":{"line":13,"column":23},"end":{"line":13,"column":24}},"loc":{"start":{"line":13,"column":39},"end":{"line":24,"column":1}},"line":13},"1":{"name":"(anonymous_1)","decl":{"start":{"line":15,"column":23},"end":{"line":15,"column":24}},"loc":{"start":{"line":15,"column":38},"end":{"line":23,"column":5}},"line":15},"2":{"name":"(anonymous_2)","decl":{"start":{"line":18,"column":45},"end":{"line":18,"column":46}},"loc":{"start":{"line":18,"column":60},"end":{"line":22,"column":7}},"line":18},"3":{"name":"(anonymous_3)","decl":{"start":{"line":26,"column":39},"end":{"line":26,"column":40}},"loc":{"start":{"line":26,"column":72},"end":{"line":30,"column":3}},"line":26},"4":{"name":"(anonymous_4)","decl":{"start":{"line":27,"column":53},"end":{"line":27,"column":54}},"loc":{"start":{"line":27,"column":71},"end":{"line":29,"column":5}},"line":27}},"branchMap":{"0":{"loc":{"start":{"line":14,"column":4},"end":{"line":14,"column":51}},"type":"if","locations":[{"start":{"line":14,"column":4},"end":{"line":14,"column":51}},{"start":{},"end":{}}],"line":14},"1":{"loc":{"start":{"line":16,"column":6},"end":{"line":16,"column":31}},"type":"if","locations":[{"start":{"line":16,"column":6},"end":{"line":16,"column":31}},{"start":{},"end":{}}],"line":16},"2":{"loc":{"start":{"line":19,"column":8},"end":{"line":19,"column":33}},"type":"if","locations":[{"start":{"line":19,"column":8},"end":{"line":19,"column":33}},{"start":{},"end":{}}],"line":19}},"s":{"0":4,"1":4,"2":4,"3":4,"4":4,"5":0,"6":0,"7":0,"8":0,"9":0,"10":0,"11":0,"12":0,"13":0,"14":0,"15":4,"16":0,"17":0,"18":4},"f":{"0":0,"1":0,"2":0,"3":0,"4":0},"b":{"0":[0,0],"1":[0,0],"2":[0,0]},"_coverageSchema":"1a1c01bbd47fc00a2c39e90264f33305004495a9","hash":"8bc1c8b6dde2313ac533c56801a304280eb5a6e6"}
,"C:\\Users\\USUARIO\\code\\DEV005-burger-queen-api\\routes\\index.js": {"path":"C:\\Users\\USUARIO\\code\\DEV005-burger-queen-api\\routes\\index.js","statementMap":{"0":{"start":{"line":3,"column":16},"end":{"line":3,"column":34}},"1":{"start":{"line":4,"column":20},"end":{"line":4,"column":54}},"2":{"start":{"line":5,"column":18},"end":{"line":5,"column":50}},"3":{"start":{"line":6,"column":17},"end":{"line":6,"column":47}},"4":{"start":{"line":7,"column":17},"end":{"line":7,"column":47}},"5":{"start":{"line":8,"column":13},"end":{"line":8,"column":43}},"6":{"start":{"line":9,"column":12},"end":{"line":9,"column":28}},"7":{"start":{"line":12,"column":0},"end":{"line":12,"column":58}},"8":{"start":{"line":13,"column":0},"end":{"line":13,"column":68}},"9":{"start":{"line":14,"column":0},"end":{"line":14,"column":59}},"10":{"start":{"line":15,"column":0},"end":{"line":15,"column":73}},"11":{"start":{"line":16,"column":0},"end":{"line":16,"column":74}},"12":{"start":{"line":19,"column":0},"end":{"line":19,"column":52}},"13":{"start":{"line":20,"column":0},"end":{"line":20,"column":60}},"14":{"start":{"line":21,"column":0},"end":{"line":21,"column":53}},"15":{"start":{"line":22,"column":0},"end":{"line":22,"column":65}},"16":{"start":{"line":23,"column":0},"end":{"line":23,"column":67}},"17":{"start":{"line":26,"column":0},"end":{"line":26,"column":63}},"18":{"start":{"line":27,"column":0},"end":{"line":27,"column":70}},"19":{"start":{"line":28,"column":0},"end":{"line":28,"column":62}},"20":{"start":{"line":29,"column":0},"end":{"line":29,"column":74}},"21":{"start":{"line":30,"column":0},"end":{"line":30,"column":76}},"22":{"start":{"line":33,"column":0},"end":{"line":41,"column":3}},"23":{"start":{"line":34,"column":2},"end":{"line":40,"column":7}},"24":{"start":{"line":36,"column":6},"end":{"line":36,"column":45}},"25":{"start":{"line":39,"column":6},"end":{"line":39,"column":39}},"26":{"start":{"line":43,"column":0},"end":{"line":43,"column":20}}},"fnMap":{"0":{"name":"(anonymous_0)","decl":{"start":{"line":33,"column":19},"end":{"line":33,"column":20}},"loc":{"start":{"line":33,"column":33},"end":{"line":41,"column":1}},"line":33},"1":{"name":"(anonymous_1)","decl":{"start":{"line":35,"column":10},"end":{"line":35,"column":11}},"loc":{"start":{"line":35,"column":22},"end":{"line":37,"column":5}},"line":35},"2":{"name":"(anonymous_2)","decl":{"start":{"line":38,"column":11},"end":{"line":38,"column":12}},"loc":{"start":{"line":38,"column":20},"end":{"line":40,"column":5}},"line":38}},"branchMap":{},"s":{"0":2,"1":2,"2":2,"3":2,"4":2,"5":2,"6":2,"7":2,"8":2,"9":2,"10":2,"11":2,"12":2,"13":2,"14":2,"15":2,"16":2,"17":2,"18":2,"19":2,"20":2,"21":2,"22":2,"23":0,"24":0,"25":0,"26":2},"f":{"0":0,"1":0,"2":0},"b":{},"_coverageSchema":"1a1c01bbd47fc00a2c39e90264f33305004495a9","hash":"3242d173d5425a8892768fe4b6da4915aa34545a"}
,"C:\\Users\\USUARIO\\code\\DEV005-burger-queen-api\\services\\index.js": {"path":"C:\\Users\\USUARIO\\code\\DEV005-burger-queen-api\\services\\index.js","statementMap":{"0":{"start":{"line":3,"column":12},"end":{"line":3,"column":33}},"1":{"start":{"line":4,"column":15},"end":{"line":4,"column":32}},"2":{"start":{"line":5,"column":15},"end":{"line":5,"column":35}},"3":{"start":{"line":10,"column":20},"end":{"line":15,"column":5}},"4":{"start":{"line":17,"column":4},"end":{"line":17,"column":51}},"5":{"start":{"line":22,"column":20},"end":{"line":39,"column":6}},"6":{"start":{"line":23,"column":8},"end":{"line":38,"column":9}},"7":{"start":{"line":24,"column":28},"end":{"line":24,"column":66}},"8":{"start":{"line":26,"column":12},"end":{"line":31,"column":13}},"9":{"start":{"line":27,"column":16},"end":{"line":30,"column":18}},"10":{"start":{"line":32,"column":8},"end":{"line":32,"column":24}},"11":{"start":{"line":34,"column":12},"end":{"line":37,"column":14}},"12":{"start":{"line":40,"column":4},"end":{"line":40,"column":18}},"13":{"start":{"line":43,"column":0},"end":{"line":46,"column":1}}},"fnMap":{"0":{"name":"createToken","decl":{"start":{"line":8,"column":9},"end":{"line":8,"column":20}},"loc":{"start":{"line":8,"column":28},"end":{"line":18,"column":1}},"line":8},"1":{"name":"decodeToken","decl":{"start":{"line":21,"column":9},"end":{"line":21,"column":20}},"loc":{"start":{"line":21,"column":29},"end":{"line":41,"column":1}},"line":21},"2":{"name":"(anonymous_2)","decl":{"start":{"line":22,"column":32},"end":{"line":22,"column":33}},"loc":{"start":{"line":22,"column":53},"end":{"line":39,"column":5}},"line":22}},"branchMap":{"0":{"loc":{"start":{"line":26,"column":12},"end":{"line":31,"column":13}},"type":"if","locations":[{"start":{"line":26,"column":12},"end":{"line":31,"column":13}},{"start":{},"end":{}}],"line":26}},"s":{"0":6,"1":6,"2":6,"3":1,"4":1,"5":3,"6":3,"7":3,"8":2,"9":1,"10":2,"11":1,"12":3,"13":6},"f":{"0":1,"1":3,"2":3},"b":{"0":[1,1]},"_coverageSchema":"1a1c01bbd47fc00a2c39e90264f33305004495a9","hash":"2f572b808daa4336ba04417f001309c3e8cffd02"}
}
