{"C:\\Users\\USUARIO\\prueba\\api-rest\\config.js": {"path":"C:\\Users\\USUARIO\\prueba\\api-rest\\config.js","statementMap":{"0":{"start":{"line":1,"column":0},"end":{"line":5,"column":1}}},"fnMap":{},"branchMap":{"0":{"loc":{"start":{"line":2,"column":10},"end":{"line":2,"column":34}},"type":"binary-expr","locations":[{"start":{"line":2,"column":10},"end":{"line":2,"column":26}},{"start":{"line":2,"column":30},"end":{"line":2,"column":34}}],"line":2},"1":{"loc":{"start":{"line":3,"column":8},"end":{"line":3,"column":99}},"type":"binary-expr","locations":[{"start":{"line":3,"column":8},"end":{"line":3,"column":27}},{"start":{"line":3,"column":31},"end":{"line":3,"column":99}}],"line":3}},"s":{"0":1},"f":{},"b":{"0":[1,1],"1":[1,1]},"_coverageSchema":"1a1c01bbd47fc00a2c39e90264f33305004495a9","hash":"bb5c8cbfa095ddf1e09955b6145e9f8bd0ae0f2c"}
,"C:\\Users\\USUARIO\\prueba\\api-rest\\controllers\\auth.js": {"path":"C:\\Users\\USUARIO\\prueba\\api-rest\\controllers\\auth.js","statementMap":{"0":{"start":{"line":1,"column":13},"end":{"line":1,"column":38}},"1":{"start":{"line":2,"column":16},"end":{"line":2,"column":44}},"2":{"start":{"line":5,"column":15},"end":{"line":29,"column":3}},"3":{"start":{"line":6,"column":4},"end":{"line":28,"column":6}},"4":{"start":{"line":7,"column":6},"end":{"line":27,"column":10}},"5":{"start":{"line":11,"column":10},"end":{"line":13,"column":11}},"6":{"start":{"line":12,"column":12},"end":{"line":12,"column":94}},"7":{"start":{"line":14,"column":10},"end":{"line":23,"column":12}},"8":{"start":{"line":15,"column":12},"end":{"line":17,"column":13}},"9":{"start":{"line":16,"column":14},"end":{"line":16,"column":82}},"10":{"start":{"line":18,"column":12},"end":{"line":20,"column":13}},"11":{"start":{"line":19,"column":14},"end":{"line":19,"column":95}},"12":{"start":{"line":21,"column":12},"end":{"line":21,"column":27}},"13":{"start":{"line":22,"column":12},"end":{"line":22,"column":112}},"14":{"start":{"line":26,"column":10},"end":{"line":26,"column":71}},"15":{"start":{"line":31,"column":0},"end":{"line":33,"column":1}}},"fnMap":{"0":{"name":"(anonymous_0)","decl":{"start":{"line":5,"column":15},"end":{"line":5,"column":16}},"loc":{"start":{"line":5,"column":29},"end":{"line":29,"column":3}},"line":5},"1":{"name":"(anonymous_1)","decl":{"start":{"line":6,"column":23},"end":{"line":6,"column":24}},"loc":{"start":{"line":6,"column":44},"end":{"line":28,"column":5}},"line":6},"2":{"name":"(anonymous_2)","decl":{"start":{"line":10,"column":14},"end":{"line":10,"column":15}},"loc":{"start":{"line":10,"column":24},"end":{"line":24,"column":9}},"line":10},"3":{"name":"(anonymous_3)","decl":{"start":{"line":14,"column":50},"end":{"line":14,"column":51}},"loc":{"start":{"line":14,"column":68},"end":{"line":23,"column":11}},"line":14},"4":{"name":"(anonymous_4)","decl":{"start":{"line":25,"column":15},"end":{"line":25,"column":16}},"loc":{"start":{"line":25,"column":24},"end":{"line":27,"column":9}},"line":25}},"branchMap":{"0":{"loc":{"start":{"line":11,"column":10},"end":{"line":13,"column":11}},"type":"if","locations":[{"start":{"line":11,"column":10},"end":{"line":13,"column":11}},{"start":{},"end":{}}],"line":11},"1":{"loc":{"start":{"line":15,"column":12},"end":{"line":17,"column":13}},"type":"if","locations":[{"start":{"line":15,"column":12},"end":{"line":17,"column":13}},{"start":{},"end":{}}],"line":15},"2":{"loc":{"start":{"line":18,"column":12},"end":{"line":20,"column":13}},"type":"if","locations":[{"start":{"line":18,"column":12},"end":{"line":20,"column":13}},{"start":{},"end":{}}],"line":18}},"s":{"0":1,"1":1,"2":1,"3":5,"4":5,"5":4,"6":1,"7":3,"8":3,"9":1,"10":2,"11":1,"12":1,"13":1,"14":1,"15":1},"f":{"0":5,"1":5,"2":4,"3":3,"4":1},"b":{"0":[1,3],"1":[1,2],"2":[1,1]},"_coverageSchema":"1a1c01bbd47fc00a2c39e90264f33305004495a9","hash":"95836f9996d1567112258b8d9162ec5db00ca582"}
,"C:\\Users\\USUARIO\\prueba\\api-rest\\models\\user.js": {"path":"C:\\Users\\USUARIO\\prueba\\api-rest\\models\\user.js","statementMap":{"0":{"start":{"line":3,"column":17},"end":{"line":3,"column":36}},"1":{"start":{"line":4,"column":15},"end":{"line":4,"column":30}},"2":{"start":{"line":5,"column":15},"end":{"line":5,"column":39}},"3":{"start":{"line":7,"column":19},"end":{"line":11,"column":2}},"4":{"start":{"line":13,"column":0},"end":{"line":24,"column":4}},"5":{"start":{"line":14,"column":4},"end":{"line":14,"column":51}},"6":{"start":{"line":14,"column":38},"end":{"line":14,"column":51}},"7":{"start":{"line":15,"column":4},"end":{"line":23,"column":6}},"8":{"start":{"line":16,"column":6},"end":{"line":16,"column":31}},"9":{"start":{"line":16,"column":15},"end":{"line":16,"column":31}},"10":{"start":{"line":18,"column":6},"end":{"line":22,"column":8}},"11":{"start":{"line":19,"column":8},"end":{"line":19,"column":33}},"12":{"start":{"line":19,"column":17},"end":{"line":19,"column":33}},"13":{"start":{"line":20,"column":8},"end":{"line":20,"column":28}},"14":{"start":{"line":21,"column":8},"end":{"line":21,"column":14}},"15":{"start":{"line":26,"column":2},"end":{"line":30,"column":3}},"16":{"start":{"line":27,"column":4},"end":{"line":29,"column":7}},"17":{"start":{"line":28,"column":6},"end":{"line":28,"column":22}},"18":{"start":{"line":32,"column":0},"end":{"line":32,"column":51}}},"fnMap":{"0":{"name":"(anonymous_0)","decl":{"start":{"line":13,"column":23},"end":{"line":13,"column":24}},"loc":{"start":{"line":13,"column":39},"end":{"line":24,"column":3}},"line":13},"1":{"name":"(anonymous_1)","decl":{"start":{"line":15,"column":23},"end":{"line":15,"column":24}},"loc":{"start":{"line":15,"column":38},"end":{"line":23,"column":5}},"line":15},"2":{"name":"(anonymous_2)","decl":{"start":{"line":18,"column":45},"end":{"line":18,"column":46}},"loc":{"start":{"line":18,"column":60},"end":{"line":22,"column":7}},"line":18},"3":{"name":"(anonymous_3)","decl":{"start":{"line":26,"column":39},"end":{"line":26,"column":40}},"loc":{"start":{"line":26,"column":72},"end":{"line":30,"column":3}},"line":26},"4":{"name":"(anonymous_4)","decl":{"start":{"line":27,"column":53},"end":{"line":27,"column":54}},"loc":{"start":{"line":27,"column":71},"end":{"line":29,"column":5}},"line":27}},"branchMap":{"0":{"loc":{"start":{"line":14,"column":4},"end":{"line":14,"column":51}},"type":"if","locations":[{"start":{"line":14,"column":4},"end":{"line":14,"column":51}},{"start":{},"end":{}}],"line":14},"1":{"loc":{"start":{"line":16,"column":6},"end":{"line":16,"column":31}},"type":"if","locations":[{"start":{"line":16,"column":6},"end":{"line":16,"column":31}},{"start":{},"end":{}}],"line":16},"2":{"loc":{"start":{"line":19,"column":8},"end":{"line":19,"column":33}},"type":"if","locations":[{"start":{"line":19,"column":8},"end":{"line":19,"column":33}},{"start":{},"end":{}}],"line":19}},"s":{"0":1,"1":1,"2":1,"3":1,"4":1,"5":0,"6":0,"7":0,"8":0,"9":0,"10":0,"11":0,"12":0,"13":0,"14":0,"15":1,"16":0,"17":0,"18":1},"f":{"0":0,"1":0,"2":0,"3":0,"4":0},"b":{"0":[0,0],"1":[0,0],"2":[0,0]},"_coverageSchema":"1a1c01bbd47fc00a2c39e90264f33305004495a9","hash":"ec98af128c0730240a42798782be8f551b77cc4d"}
,"C:\\Users\\USUARIO\\prueba\\api-rest\\services\\index.js": {"path":"C:\\Users\\USUARIO\\prueba\\api-rest\\services\\index.js","statementMap":{"0":{"start":{"line":3,"column":12},"end":{"line":3,"column":33}},"1":{"start":{"line":4,"column":15},"end":{"line":4,"column":32}},"2":{"start":{"line":5,"column":15},"end":{"line":5,"column":35}},"3":{"start":{"line":10,"column":20},"end":{"line":15,"column":5}},"4":{"start":{"line":17,"column":4},"end":{"line":17,"column":51}},"5":{"start":{"line":22,"column":20},"end":{"line":39,"column":6}},"6":{"start":{"line":23,"column":8},"end":{"line":38,"column":9}},"7":{"start":{"line":24,"column":28},"end":{"line":24,"column":66}},"8":{"start":{"line":26,"column":12},"end":{"line":31,"column":13}},"9":{"start":{"line":27,"column":16},"end":{"line":30,"column":18}},"10":{"start":{"line":32,"column":8},"end":{"line":32,"column":24}},"11":{"start":{"line":34,"column":12},"end":{"line":37,"column":14}},"12":{"start":{"line":40,"column":4},"end":{"line":40,"column":18}},"13":{"start":{"line":43,"column":0},"end":{"line":46,"column":1}}},"fnMap":{"0":{"name":"createToken","decl":{"start":{"line":8,"column":9},"end":{"line":8,"column":20}},"loc":{"start":{"line":8,"column":28},"end":{"line":18,"column":1}},"line":8},"1":{"name":"decodeToken","decl":{"start":{"line":21,"column":9},"end":{"line":21,"column":20}},"loc":{"start":{"line":21,"column":29},"end":{"line":41,"column":1}},"line":21},"2":{"name":"(anonymous_2)","decl":{"start":{"line":22,"column":32},"end":{"line":22,"column":33}},"loc":{"start":{"line":22,"column":53},"end":{"line":39,"column":5}},"line":22}},"branchMap":{"0":{"loc":{"start":{"line":26,"column":12},"end":{"line":31,"column":13}},"type":"if","locations":[{"start":{"line":26,"column":12},"end":{"line":31,"column":13}},{"start":{},"end":{}}],"line":26}},"s":{"0":1,"1":1,"2":1,"3":0,"4":0,"5":0,"6":0,"7":0,"8":0,"9":0,"10":0,"11":0,"12":0,"13":1},"f":{"0":0,"1":0,"2":0},"b":{"0":[0,0]},"_coverageSchema":"1a1c01bbd47fc00a2c39e90264f33305004495a9","hash":"8751fb8a11fe135d2abed1691626a2a5be2cc3b6"}
}
