TN:
SF:app.js
FN:17,(anonymous_0)
FNF:1
FNH:0
FNDA:0,(anonymous_0)
DA:3,2
DA:4,2
DA:5,2
DA:7,2
DA:9,2
DA:10,2
DA:12,2
DA:13,2
DA:17,2
DA:18,0
DA:19,0
DA:22,2
DA:24,2
LF:13
LH:11
BRF:0
BRH:0
end_of_record
TN:
SF:config.js
FNF:0
FNH:0
DA:1,7
LF:1
LH:1
BRDA:2,0,0,7
BRDA:2,0,1,7
BRDA:3,1,0,7
BRDA:3,1,1,7
BRDA:5,2,0,7
BRDA:5,2,1,7
BRDA:6,3,0,7
BRDA:6,3,1,7
BRDA:7,4,0,7
BRDA:7,4,1,7
BRDA:8,5,0,7
BRDA:8,5,1,7
BRF:12
BRH:12
end_of_record
TN:
SF:index.js
FN:12,connectToDatabase
FN:26,(anonymous_1)
FN:27,(anonymous_2)
FNF:3
FNH:3
FNDA:3,connectToDatabase
FNDA:3,(anonymous_1)
FNDA:1,(anonymous_2)
DA:2,1
DA:3,1
DA:4,1
DA:6,1
DA:8,1
DA:10,1
DA:13,3
DA:14,3
DA:18,1
DA:19,1
DA:21,1
DA:22,1
DA:26,1
DA:27,3
DA:28,1
DA:30,3
DA:33,1
DA:34,1
DA:36,1
LF:19
LH:19
BRDA:6,0,0,1
BRDA:6,0,1,1
BRDA:6,0,2,0
BRF:3
BRH:2
end_of_record
TN:
SF:controllers\auth.js
FN:5,(anonymous_0)
FN:6,(anonymous_1)
FN:10,(anonymous_2)
FN:14,(anonymous_3)
FN:25,(anonymous_4)
FNF:5
FNH:5
FNDA:5,(anonymous_0)
FNDA:5,(anonymous_1)
FNDA:4,(anonymous_2)
FNDA:3,(anonymous_3)
FNDA:1,(anonymous_4)
DA:1,3
DA:2,3
DA:5,3
DA:6,5
DA:7,5
DA:11,4
DA:12,1
DA:14,3
DA:15,3
DA:16,1
DA:18,2
DA:19,1
DA:21,1
DA:22,1
DA:26,1
DA:31,3
LF:16
LH:16
BRDA:11,0,0,1
BRDA:11,0,1,3
BRDA:15,1,0,1
BRDA:15,1,1,2
BRDA:18,2,0,1
BRDA:18,2,1,1
BRF:6
BRH:6
end_of_record
TN:
SF:controllers\orders.js
FN:8,getOrder
FN:13,(anonymous_1)
FN:19,(anonymous_2)
FN:26,getOrders
FN:29,(anonymous_4)
FN:36,(anonymous_5)
FN:41,saveOrder
FN:48,(anonymous_7)
FN:53,(anonymous_8)
FN:59,(anonymous_9)
FN:61,(anonymous_10)
FN:70,(anonymous_11)
FN:79,(anonymous_12)
FN:82,(anonymous_13)
FN:86,(anonymous_14)
FN:90,(anonymous_15)
FN:94,(anonymous_16)
FN:100,updateOrder
FN:109,(anonymous_18)
FN:118,(anonymous_19)
FN:123,deleteOrder
FN:126,(anonymous_21)
FN:129,(anonymous_22)
FNF:23
FNH:20
FNDA:3,getOrder
FNDA:2,(anonymous_1)
FNDA:1,(anonymous_2)
FNDA:3,getOrders
FNDA:2,(anonymous_4)
FNDA:1,(anonymous_5)
FNDA:4,saveOrder
FNDA:4,(anonymous_7)
FNDA:3,(anonymous_8)
FNDA:3,(anonymous_9)
FNDA:1,(anonymous_10)
FNDA:1,(anonymous_11)
FNDA:1,(anonymous_12)
FNDA:0,(anonymous_13)
FNDA:0,(anonymous_14)
FNDA:2,(anonymous_15)
FNDA:0,(anonymous_16)
FNDA:2,updateOrder
FNDA:1,(anonymous_18)
FNDA:1,(anonymous_19)
FNDA:2,deleteOrder
FNDA:1,(anonymous_21)
FNDA:1,(anonymous_22)
DA:3,2
DA:4,2
DA:5,2
DA:6,2
DA:9,3
DA:11,3
DA:14,2
DA:15,1
DA:17,1
DA:20,1
DA:27,3
DA:30,2
DA:31,1
DA:34,1
DA:37,1
DA:42,4
DA:43,4
DA:45,4
DA:47,4
DA:49,4
DA:52,4
DA:54,3
DA:55,1
DA:59,3
DA:60,2
DA:62,1
DA:63,0
DA:67,1
DA:68,1
DA:69,1
DA:70,1
DA:71,1
DA:76,1
DA:78,1
DA:80,1
DA:83,0
DA:87,0
DA:91,2
DA:95,0
DA:101,2
DA:102,2
DA:104,2
DA:105,2
DA:108,2
DA:110,1
DA:111,0
DA:113,1
DA:114,1
DA:116,1
DA:119,1
DA:124,2
DA:125,2
DA:127,1
DA:130,1
DA:136,2
LF:55
LH:50
BRDA:14,0,0,1
BRDA:14,0,1,1
BRDA:30,1,0,1
BRDA:30,1,1,1
BRDA:54,2,0,1
BRDA:54,2,1,2
BRDA:62,3,0,0
BRDA:62,3,1,1
BRDA:62,4,0,1
BRDA:62,4,1,1
BRDA:104,5,0,2
BRDA:104,5,1,0
BRDA:110,6,0,0
BRDA:110,6,1,1
BRDA:113,7,0,1
BRDA:113,7,1,0
BRF:16
BRH:12
end_of_record
TN:
SF:controllers\products.js
FN:4,getProduct
FN:8,(anonymous_1)
FN:14,(anonymous_2)
FN:18,getProducts
FN:20,(anonymous_4)
FN:27,(anonymous_5)
FN:32,saveProduct
FN:41,(anonymous_7)
FN:44,(anonymous_8)
FN:48,updateProduct
FN:53,(anonymous_10)
FN:56,(anonymous_11)
FN:60,deleteProduct
FN:63,(anonymous_13)
FN:66,(anonymous_14)
FNF:15
FNH:15
FNDA:3,getProduct
FNDA:2,(anonymous_1)
FNDA:1,(anonymous_2)
FNDA:3,getProducts
FNDA:2,(anonymous_4)
FNDA:1,(anonymous_5)
FNDA:2,saveProduct
FNDA:1,(anonymous_7)
FNDA:1,(anonymous_8)
FNDA:2,updateProduct
FNDA:1,(anonymous_10)
FNDA:1,(anonymous_11)
FNDA:2,deleteProduct
FNDA:1,(anonymous_13)
FNDA:1,(anonymous_14)
DA:3,3
DA:5,3
DA:7,3
DA:9,2
DA:10,1
DA:12,1
DA:15,1
DA:19,3
DA:21,2
DA:22,1
DA:25,1
DA:28,1
DA:34,2
DA:35,2
DA:36,2
DA:37,2
DA:38,2
DA:40,2
DA:42,1
DA:45,1
DA:49,2
DA:50,2
DA:52,2
DA:54,1
DA:57,1
DA:61,2
DA:62,2
DA:64,1
DA:67,1
DA:71,3
LF:30
LH:30
BRDA:9,0,0,1
BRDA:9,0,1,1
BRDA:21,1,0,1
BRDA:21,1,1,1
BRF:4
BRH:4
end_of_record
TN:
SF:controllers\user.js
FN:7,(anonymous_0)
FN:14,(anonymous_1)
FN:17,(anonymous_2)
FN:23,getUser
FN:38,(anonymous_4)
FN:45,(anonymous_5)
FN:57,getUsers
FN:59,(anonymous_7)
FN:66,(anonymous_8)
FN:73,updateUser
FN:78,(anonymous_10)
FN:81,(anonymous_11)
FN:87,deleteUser
FN:90,(anonymous_13)
FN:93,(anonymous_14)
FNF:15
FNH:13
FNDA:2,(anonymous_0)
FNDA:1,(anonymous_1)
FNDA:1,(anonymous_2)
FNDA:3,getUser
FNDA:0,(anonymous_4)
FNDA:0,(anonymous_5)
FNDA:3,getUsers
FNDA:2,(anonymous_7)
FNDA:1,(anonymous_8)
FNDA:2,updateUser
FNDA:1,(anonymous_10)
FNDA:1,(anonymous_11)
FNDA:2,deleteUser
FNDA:1,(anonymous_13)
FNDA:1,(anonymous_14)
DA:3,3
DA:4,3
DA:7,3
DA:8,2
DA:13,2
DA:15,1
DA:18,1
DA:24,3
DA:27,3
DA:31,3
DA:32,0
DA:34,3
DA:37,3
DA:39,0
DA:40,0
DA:43,0
DA:46,0
DA:58,3
DA:60,2
DA:61,1
DA:64,1
DA:67,1
DA:74,2
DA:75,2
DA:77,2
DA:79,1
DA:82,1
DA:88,2
DA:89,2
DA:91,1
DA:94,1
DA:98,3
LF:32
LH:27
BRDA:31,0,0,0
BRDA:31,0,1,3
BRDA:39,1,0,0
BRDA:39,1,1,0
BRDA:60,2,0,1
BRDA:60,2,1,1
BRF:6
BRH:3
end_of_record
TN:
SF:middlewares\auth.js
FN:4,isAuth
FN:13,(anonymous_1)
FN:18,(anonymous_2)
FN:23,isAdmin
FNF:4
FNH:4
FNDA:5,isAuth
FNDA:3,(anonymous_1)
FNDA:1,(anonymous_2)
FNDA:2,isAdmin
DA:2,3
DA:6,5
DA:7,1
DA:10,4
DA:12,4
DA:14,3
DA:15,3
DA:16,3
DA:19,1
DA:24,2
DA:25,1
DA:27,1
DA:32,3
LF:13
LH:13
BRDA:6,0,0,1
BRDA:6,0,1,4
BRDA:24,1,0,1
BRDA:24,1,1,1
BRF:4
BRH:4
end_of_record
TN:
SF:middlewares\error.js
FN:9,(anonymous_0)
FN:14,(anonymous_1)
FNF:2
FNH:0
FNDA:0,(anonymous_0)
FNDA:0,(anonymous_1)
DA:1,2
DA:9,2
DA:10,0
DA:14,2
DA:15,0
DA:18,0
DA:20,0
DA:21,0
DA:24,0
DA:25,0
LF:10
LH:3
BRDA:10,0,0,0
BRDA:10,0,1,0
BRDA:15,1,0,0
BRDA:15,1,1,0
BRDA:17,2,0,0
BRDA:17,2,1,0
BRDA:18,3,0,0
BRDA:18,3,1,0
BRDA:18,3,2,0
BRDA:20,4,0,0
BRDA:20,4,1,0
BRF:11
BRH:0
end_of_record
TN:
SF:models\order.js
FNF:0
FNH:0
DA:3,2
DA:4,2
DA:6,2
DA:38,2
LF:4
LH:4
BRF:0
BRH:0
end_of_record
TN:
SF:models\product.js
FNF:0
FNH:0
DA:3,3
DA:4,3
DA:6,3
DA:14,3
LF:4
LH:4
BRF:0
BRH:0
end_of_record
TN:
SF:models\user.js
FN:13,(anonymous_0)
FN:15,(anonymous_1)
FN:18,(anonymous_2)
FN:26,(anonymous_3)
FN:27,(anonymous_4)
FNF:5
FNH:0
FNDA:0,(anonymous_0)
FNDA:0,(anonymous_1)
FNDA:0,(anonymous_2)
FNDA:0,(anonymous_3)
FNDA:0,(anonymous_4)
DA:3,4
DA:4,4
DA:5,4
DA:7,4
DA:13,4
DA:14,0
DA:15,0
DA:16,0
DA:18,0
DA:19,0
DA:20,0
DA:21,0
DA:26,4
DA:27,0
DA:28,0
DA:32,4
LF:16
LH:7
BRDA:14,0,0,0
BRDA:14,0,1,0
BRDA:16,1,0,0
BRDA:16,1,1,0
BRDA:19,2,0,0
BRDA:19,2,1,0
BRF:6
BRH:0
end_of_record
TN:
SF:routes\index.js
FN:41,(anonymous_0)
FN:43,(anonymous_1)
FN:46,(anonymous_2)
FNF:3
FNH:0
FNDA:0,(anonymous_0)
FNDA:0,(anonymous_1)
FNDA:0,(anonymous_2)
DA:3,2
DA:4,2
DA:5,2
DA:6,2
DA:7,2
DA:8,2
DA:9,2
DA:13,2
DA:14,2
DA:15,2
DA:16,2
DA:17,2
DA:20,2
DA:21,2
DA:22,2
DA:23,2
DA:24,2
DA:27,2
DA:28,2
DA:29,2
DA:30,2
DA:31,2
DA:34,2
DA:38,2
DA:41,2
DA:42,0
DA:44,0
DA:47,0
DA:51,2
LF:29
LH:26
BRF:0
BRH:0
end_of_record
TN:
SF:services\index.js
FN:8,createToken
FN:21,decodeToken
FN:22,(anonymous_2)
FNF:3
FNH:3
FNDA:1,createToken
FNDA:3,decodeToken
FNDA:3,(anonymous_2)
DA:3,6
DA:4,6
DA:5,6
DA:10,1
DA:17,1
DA:22,3
DA:23,3
DA:24,3
DA:26,2
DA:27,1
DA:32,2
DA:34,1
DA:40,3
DA:43,6
LF:14
LH:14
BRDA:26,0,0,1
BRDA:26,0,1,1
BRF:2
BRH:2
end_of_record
